app/build/outputs/logs/manifest-merger-debug-report.txt
-- Merging decision tree log ---
manifest
ADDED from src/main/AndroidManifest.xml:8:1-24:12
	package
		ADDED from src/main/AndroidManifest.xml:9:7-46
		INJECTED from src/main/AndroidManifest.xml
		INJECTED from src/main/AndroidManifest.xml
	android:versionName
		ADDED from src/main/AndroidManifest.xml:10:33-60
		INJECTED from src/main/AndroidManifest.xml
		INJECTED from src/main/AndroidManifest.xml
	android:versionCode
		ADDED from src/main/AndroidManifest.xml:10:7-32
		INJECTED from src/main/AndroidManifest.xml
		INJECTED from src/main/AndroidManifest.xml
	xmlns:android
		ADDED from src/main/AndroidManifest.xml:8:11-69
uses-sdk
ADDED from src/main/AndroidManifest.xml:11:5-72
MERGED from [com.android.support:support-v4:23.4.0] AndroidManifest.xml:20:5-43
	android:targetSdkVersion
		ADDED from src/main/AndroidManifest.xml:11:41-70
		INJECTED from src/main/AndroidManifest.xml
		INJECTED from src/main/AndroidManifest.xml
	android:minSdkVersion
		ADDED from src/main/AndroidManifest.xml:11:15-40
		INJECTED from src/main/AndroidManifest.xml
		INJECTED from src/main/AndroidManifest.xml
supports-screens
ADDED from src/main/AndroidManifest.xml:12:5-209
	android:largeScreens
		ADDED from src/main/AndroidManifest.xml:12:78-105
	android:smallScreens
		ADDED from src/main/AndroidManifest.xml:12:132-159
	android:normalScreens
		ADDED from src/main/AndroidManifest.xml:12:23-51
	android:xlargeScreens
		ADDED from src/main/AndroidManifest.xml:12:160-189
	android:resizeable
		ADDED from src/main/AndroidManifest.xml:12:52-77
	android:anyDensity
		ADDED from src/main/AndroidManifest.xml:12:106-131
uses-permission#android.permission.ACCESS_COARSE_LOCATION
ADDED from src/main/AndroidManifest.xml:13:5-97
	android:name
		ADDED from src/main/AndroidManifest.xml:13:22-78
uses-permission#android.permission.INTERNET
ADDED from src/main/AndroidManifest.xml:14:5-83
	android:name
		ADDED from src/main/AndroidManifest.xml:14:22-64
application
ADDED from src/main/AndroidManifest.xml:15:5-23:19
MERGED from [com.android.support:support-v4:23.4.0] AndroidManifest.xml:22:5-20
	android:label
		ADDED from src/main/AndroidManifest.xml:15:78-110
	android:allowClearUserData
		ADDED from src/main/AndroidManifest.xml:15:44-77
	android:debuggable
		ADDED from src/main/AndroidManifest.xml:15:18-43
	android:icon
		ADDED from src/main/AndroidManifest.xml:15:111-140
activity#com.digitallizard.nicecompass.CompassActivity
ADDED from src/main/AndroidManifest.xml:16:9-21:20
	android:screenOrientation
		ADDED from src/main/AndroidManifest.xml:16:50-86
	android:theme
		ADDED from src/main/AndroidManifest.xml:16:87-122
	android:name
		ADDED from src/main/AndroidManifest.xml:16:19-49
intent-filter#android.intent.action.MAIN+android.intent.category.LAUNCHER
ADDED from src/main/AndroidManifest.xml:17:13-20:29
action#android.intent.action.MAIN
ADDED from src/main/AndroidManifest.xml:18:17-76
	android:name
		ADDED from src/main/AndroidManifest.xml:18:25-66
category#android.intent.category.LAUNCHER
ADDED from src/main/AndroidManifest.xml:19:17-86
	android:name
		ADDED from src/main/AndroidManifest.xml:19:27-74
activity#com.digitallizard.nicecompass.HelpActivity
ADDED from src/main/AndroidManifest.xml:22:9-152
	android:screenOrientation
		ADDED from src/main/AndroidManifest.xml:22:104-140
	android:label
		ADDED from src/main/AndroidManifest.xml:22:83-103
	android:theme
		ADDED from src/main/AndroidManifest.xml:22:47-82
	android:name
		ADDED from src/main/AndroidManifest.xml:22:19-46